app/build/intermediates/manifest_merge_blame_file/debug/manifest-merger-blame-debug-report.txt
1<?xml version="1.0" encoding="utf-8"?>
2<manifest xmlns:android="http://schemas.android.com/apk/res/android"
3    package="com.example.chatapplication"
4    android:versionCode="1"
5    android:versionName="1.0" >
6
7    <uses-sdk
8        android:minSdkVersion="23"
8-->src\main\AndroidManifest.xml
9        android:targetSdkVersion="33" />
9-->src\main\AndroidManifest.xml
10
11    <uses-permission android:name="android.permission.INTERNET" />
11-->[com.google.firebase:firebase-auth:22.0.0] AndroidManifest.xml:25:5-67
11-->[com.google.firebase:firebase-auth:22.0.0] AndroidManifest.xml:25:22-64
12    <uses-permission android:name="android.permission.ACCESS_NETWORK_STATE" />
12-->[com.google.firebase:firebase-auth:22.0.0] AndroidManifest.xml:26:5-79
12-->[com.google.firebase:firebase-auth:22.0.0] AndroidManifest.xml:26:22-76
13    <uses-permission android:name="android.permission.WAKE_LOCK" />
13-->[com.google.android.gms:play-services-measurement-api:21.3.0] AndroidManifest.xml:24:5-68
13-->[com.google.android.gms:play-services-measurement-api:21.3.0] AndroidManifest.xml:24:22-65
14    <uses-permission android:name="com.google.android.gms.permission.AD_ID" />
14-->[com.google.android.gms:play-services-measurement-api:21.3.0] AndroidManifest.xml:25:5-79
14-->[com.google.android.gms:play-services-measurement-api:21.3.0] AndroidManifest.xml:25:22-76
15    <uses-permission android:name="com.google.android.finsky.permission.BIND_GET_INSTALL_REFERRER_SERVICE" />
15-->[com.google.android.gms:play-services-measurement:21.3.0] AndroidManifest.xml:26:5-110
15-->[com.google.android.gms:play-services-measurement:21.3.0] AndroidManifest.xml:26:22-107
16
17    <permission
17-->[androidx.core:core:1.9.0] AndroidManifest.xml:22:5-24:47
18        android:name="com.example.chatapplication.DYNAMIC_RECEIVER_NOT_EXPORTED_PERMISSION"
18-->[androidx.core:core:1.9.0] AndroidManifest.xml:23:9-81
19        android:protectionLevel="signature" />
19-->[androidx.core:core:1.9.0] AndroidManifest.xml:24:9-44
20
21    <uses-permission android:name="com.example.chatapplication.DYNAMIC_RECEIVER_NOT_EXPORTED_PERMISSION" />
21-->[androidx.core:core:1.9.0] AndroidManifest.xml:26:5-97
21-->[androidx.core:core:1.9.0] AndroidManifest.xml:26:22-94
22
23    <application
23-->src\main\AndroidManifest.xml:5:5-33:19
24        android:allowBackup="true"
24-->src\main\AndroidManifest.xml:6:9-35
25        android:appComponentFactory="androidx.core.app.CoreComponentFactory"
25-->[androidx.core:core:1.9.0] AndroidManifest.xml:28:18-86
26        android:dataExtractionRules="@xml/data_extraction_rules"
26-->src\main\AndroidManifest.xml:7:9-65
27        android:debuggable="true"
28        android:extractNativeLibs="false"
29        android:fullBackupContent="@xml/backup_rules"
29-->src\main\AndroidManifest.xml:8:9-54
30        android:icon="@mipmap/ic_launcher"
30-->src\main\AndroidManifest.xml:9:9-43
31        android:label="@string/app_name"
31-->src\main\AndroidManifest.xml:10:9-41
32        android:roundIcon="@mipmap/ic_launcher_round"
32-->src\main\AndroidManifest.xml:11:9-54
33        android:supportsRtl="true"
33-->src\main\AndroidManifest.xml:12:9-35
34        android:testOnly="true"
35        android:theme="@style/Theme.ChatApplication" >
35-->src\main\AndroidManifest.xml:13:9-53
36        <activity
36-->src\main\AndroidManifest.xml:15:9-17:40
37            android:name="com.example.chatapplication.ChatActivity"
37-->src\main\AndroidManifest.xml:16:13-41
38            android:exported="false" />
38-->src\main\AndroidManifest.xml:17:13-37
39        <activity
39-->src\main\AndroidManifest.xml:18:9-20:40
40            android:name="com.example.chatapplication.SignUp"
40-->src\main\AndroidManifest.xml:19:13-35
41            android:exported="false" />
41-->src\main\AndroidManifest.xml:20:13-37
42        <activity
42-->src\main\AndroidManifest.xml:21:9-29:20
43            android:name="com.example.chatapplication.Login"
43-->src\main\AndroidManifest.xml:22:13-34
44            android:exported="true" >
44-->src\main\AndroidManifest.xml:23:13-36
45            <intent-filter>
45-->src\main\AndroidManifest.xml:24:13-28:29
46                <action android:name="android.intent.action.MAIN" />
46-->src\main\AndroidManifest.xml:25:17-69
46-->src\main\AndroidManifest.xml:25:25-66
47
48                <category android:name="android.intent.category.LAUNCHER" />
48-->src\main\AndroidManifest.xml:27:17-77
48-->src\main\AndroidManifest.xml:27:27-74
49            </intent-filter>
50        </activity>
51        <activity
51-->src\main\AndroidManifest.xml:30:9-32:49
52            android:name="com.example.chatapplication.MainActivity"
52-->src\main\AndroidManifest.xml:31:13-41
53            android:exported="false" />
53-->src\main\AndroidManifest.xml:32:13-37
54
55        <service
55-->[com.google.firebase:firebase-analytics-ktx:21.3.0] AndroidManifest.xml:8:9-14:19
56            android:name="com.google.firebase.components.ComponentDiscoveryService"
56-->[com.google.firebase:firebase-analytics-ktx:21.3.0] AndroidManifest.xml:9:13-84
57            android:directBootAware="true"
57-->[com.google.firebase:firebase-common:20.3.3] AndroidManifest.xml:34:13-43
58            android:exported="false" >
58-->[com.google.firebase:firebase-analytics-ktx:21.3.0] AndroidManifest.xml:10:13-37
59            <meta-data
59-->[com.google.firebase:firebase-analytics-ktx:21.3.0] AndroidManifest.xml:11:13-13:85
60                android:name="com.google.firebase.components:com.google.firebase.analytics.ktx.FirebaseAnalyticsKtxRegistrar"
60-->[com.google.firebase:firebase-analytics-ktx:21.3.0] AndroidManifest.xml:12:17-126
61                android:value="com.google.firebase.components.ComponentRegistrar" />
61-->[com.google.firebase:firebase-analytics-ktx:21.3.0] AndroidManifest.xml:13:17-82
62            <meta-data
62-->[com.google.firebase:firebase-database-ktx:20.2.2] AndroidManifest.xml:14:13-16:85
63                android:name="com.google.firebase.components:com.google.firebase.database.ktx.FirebaseDatabaseKtxRegistrar"
63-->[com.google.firebase:firebase-database-ktx:20.2.2] AndroidManifest.xml:15:17-124
64                android:value="com.google.firebase.components.ComponentRegistrar" />
64-->[com.google.firebase:firebase-database-ktx:20.2.2] AndroidManifest.xml:16:17-82
65            <meta-data
65-->[com.google.firebase:firebase-auth-ktx:22.0.0] AndroidManifest.xml:11:13-13:85
66                android:name="com.google.firebase.components:com.google.firebase.auth.ktx.FirebaseAuthKtxRegistrar"
66-->[com.google.firebase:firebase-auth-ktx:22.0.0] AndroidManifest.xml:12:17-116
67                android:value="com.google.firebase.components.ComponentRegistrar" />
67-->[com.google.firebase:firebase-auth-ktx:22.0.0] AndroidManifest.xml:13:17-82
68            <meta-data
68-->[com.google.firebase:firebase-common-ktx:20.3.3] AndroidManifest.xml:14:13-16:85
69                android:name="com.google.firebase.components:com.google.firebase.ktx.FirebaseCommonKtxRegistrar"
69-->[com.google.firebase:firebase-common-ktx:20.3.3] AndroidManifest.xml:15:17-113
70                android:value="com.google.firebase.components.ComponentRegistrar" />
70-->[com.google.firebase:firebase-common-ktx:20.3.3] AndroidManifest.xml:16:17-82
71            <meta-data
71-->[com.google.firebase:firebase-auth:22.0.0] AndroidManifest.xml:69:13-71:85
72                android:name="com.google.firebase.components:com.google.firebase.auth.FirebaseAuthRegistrar"
72-->[com.google.firebase:firebase-auth:22.0.0] AndroidManifest.xml:70:17-109
73                android:value="com.google.firebase.components.ComponentRegistrar" />
73-->[com.google.firebase:firebase-auth:22.0.0] AndroidManifest.xml:71:17-82
74            <meta-data
74-->[com.google.firebase:firebase-database:20.2.2] AndroidManifest.xml:31:13-33:85
75                android:name="com.google.firebase.components:com.google.firebase.database.DatabaseRegistrar"
75-->[com.google.firebase:firebase-database:20.2.2] AndroidManifest.xml:32:17-109
76                android:value="com.google.firebase.components.ComponentRegistrar" />
76-->[com.google.firebase:firebase-database:20.2.2] AndroidManifest.xml:33:17-82
77            <meta-data
77-->[com.google.android.gms:play-services-measurement-api:21.3.0] AndroidManifest.xml:31:13-33:85
78                android:name="com.google.firebase.components:com.google.firebase.analytics.connector.internal.AnalyticsConnectorRegistrar"
78-->[com.google.android.gms:play-services-measurement-api:21.3.0] AndroidManifest.xml:32:17-139
79                android:value="com.google.firebase.components.ComponentRegistrar" />
79-->[com.google.android.gms:play-services-measurement-api:21.3.0] AndroidManifest.xml:33:17-82
80            <meta-data
80-->[com.google.firebase:firebase-installations:17.1.3] AndroidManifest.xml:17:13-19:85
81                android:name="com.google.firebase.components:com.google.firebase.installations.FirebaseInstallationsRegistrar"
81-->[com.google.firebase:firebase-installations:17.1.3] AndroidManifest.xml:18:17-127
82                android:value="com.google.firebase.components.ComponentRegistrar" />
82-->[com.google.firebase:firebase-installations:17.1.3] AndroidManifest.xml:19:17-82
83        </service>
84
85        <activity
85-->[com.google.firebase:firebase-auth:22.0.0] AndroidManifest.xml:29:9-46:20
86            android:name="com.google.firebase.auth.internal.GenericIdpActivity"
86-->[com.google.firebase:firebase-auth:22.0.0] AndroidManifest.xml:30:13-80
87            android:excludeFromRecents="true"
87-->[com.google.firebase:firebase-auth:22.0.0] AndroidManifest.xml:31:13-46
88            android:exported="true"
88-->[com.google.firebase:firebase-auth:22.0.0] AndroidManifest.xml:32:13-36
89            android:launchMode="singleTask"
89-->[com.google.firebase:firebase-auth:22.0.0] AndroidManifest.xml:33:13-44
90            android:theme="@android:style/Theme.Translucent.NoTitleBar" >
90-->[com.google.firebase:firebase-auth:22.0.0] AndroidManifest.xml:34:13-72
91            <intent-filter>
91-->[com.google.firebase:firebase-auth:22.0.0] AndroidManifest.xml:35:13-45:29
92                <action android:name="android.intent.action.VIEW" />
92-->[com.google.firebase:firebase-auth:22.0.0] AndroidManifest.xml:36:17-69
92-->[com.google.firebase:firebase-auth:22.0.0] AndroidManifest.xml:36:25-66
93
94                <category android:name="android.intent.category.DEFAULT" />
94-->[com.google.firebase:firebase-auth:22.0.0] AndroidManifest.xml:38:17-76
94-->[com.google.firebase:firebase-auth:22.0.0] AndroidManifest.xml:38:27-73
95                <category android:name="android.intent.category.BROWSABLE" />
95-->[com.google.firebase:firebase-auth:22.0.0] AndroidManifest.xml:39:17-78
95-->[com.google.firebase:firebase-auth:22.0.0] AndroidManifest.xml:39:27-75
96
97                <data
97-->[com.google.firebase:firebase-auth:22.0.0] AndroidManifest.xml:41:17-44:51
98                    android:host="firebase.auth"
98-->[com.google.firebase:firebase-auth:22.0.0] AndroidManifest.xml:42:21-49
99                    android:path="/"
99-->[com.google.firebase:firebase-auth:22.0.0] AndroidManifest.xml:43:21-37
100                    android:scheme="genericidp" />
100-->[com.google.firebase:firebase-auth:22.0.0] AndroidManifest.xml:44:21-48
101            </intent-filter>
102        </activity>
103        <activity
103-->[com.google.firebase:firebase-auth:22.0.0] AndroidManifest.xml:47:9-64:20
104            android:name="com.google.firebase.auth.internal.RecaptchaActivity"
104-->[com.google.firebase:firebase-auth:22.0.0] AndroidManifest.xml:48:13-79
105            android:excludeFromRecents="true"
105-->[com.google.firebase:firebase-auth:22.0.0] AndroidManifest.xml:49:13-46
106            android:exported="true"
106-->[com.google.firebase:firebase-auth:22.0.0] AndroidManifest.xml:50:13-36
107            android:launchMode="singleTask"
107-->[com.google.firebase:firebase-auth:22.0.0] AndroidManifest.xml:51:13-44
108            android:theme="@android:style/Theme.Translucent.NoTitleBar" >
108-->[com.google.firebase:firebase-auth:22.0.0] AndroidManifest.xml:52:13-72
109            <intent-filter>
109-->[com.google.firebase:firebase-auth:22.0.0] AndroidManifest.xml:53:13-63:29
110                <action android:name="android.intent.action.VIEW" />
110-->[com.google.firebase:firebase-auth:22.0.0] AndroidManifest.xml:36:17-69
110-->[com.google.firebase:firebase-auth:22.0.0] AndroidManifest.xml:36:25-66
111
112                <category android:name="android.intent.category.DEFAULT" />
112-->[com.google.firebase:firebase-auth:22.0.0] AndroidManifest.xml:38:17-76
112-->[com.google.firebase:firebase-auth:22.0.0] AndroidManifest.xml:38:27-73
113                <category android:name="android.intent.category.BROWSABLE" />
113-->[com.google.firebase:firebase-auth:22.0.0] AndroidManifest.xml:39:17-78
113-->[com.google.firebase:firebase-auth:22.0.0] AndroidManifest.xml:39:27-75
114
115                <data
115-->[com.google.firebase:firebase-auth:22.0.0] AndroidManifest.xml:41:17-44:51
116                    android:host="firebase.auth"
116-->[com.google.firebase:firebase-auth:22.0.0] AndroidManifest.xml:42:21-49
117                    android:path="/"
117-->[com.google.firebase:firebase-auth:22.0.0] AndroidManifest.xml:43:21-37
118                    android:scheme="recaptcha" />
118-->[com.google.firebase:firebase-auth:22.0.0] AndroidManifest.xml:44:21-48
119            </intent-filter>
120        </activity>
121
122        <provider
122-->[com.google.firebase:firebase-common:20.3.3] AndroidManifest.xml:25:9-30:39
123            android:name="com.google.firebase.provider.FirebaseInitProvider"
123-->[com.google.firebase:firebase-common:20.3.3] AndroidManifest.xml:26:13-77
124            android:authorities="com.example.chatapplication.firebaseinitprovider"
124-->[com.google.firebase:firebase-common:20.3.3] AndroidManifest.xml:27:13-72
125            android:directBootAware="true"
125-->[com.google.firebase:firebase-common:20.3.3] AndroidManifest.xml:28:13-43
126            android:exported="false"
126-->[com.google.firebase:firebase-common:20.3.3] AndroidManifest.xml:29:13-37
127            android:initOrder="100" />
127-->[com.google.firebase:firebase-common:20.3.3] AndroidManifest.xml:30:13-36
128
129        <activity
129-->[com.google.android.gms:play-services-base:18.1.0] AndroidManifest.xml:20:9-22:45
130            android:name="com.google.android.gms.common.api.GoogleApiActivity"
130-->[com.google.android.gms:play-services-base:18.1.0] AndroidManifest.xml:20:19-85
131            android:exported="false"
131-->[com.google.android.gms:play-services-base:18.1.0] AndroidManifest.xml:22:19-43
132            android:theme="@android:style/Theme.Translucent.NoTitleBar" />
132-->[com.google.android.gms:play-services-base:18.1.0] AndroidManifest.xml:21:19-78
133
134        <receiver
134-->[com.google.android.gms:play-services-measurement:21.3.0] AndroidManifest.xml:29:9-33:20
135            android:name="com.google.android.gms.measurement.AppMeasurementReceiver"
135-->[com.google.android.gms:play-services-measurement:21.3.0] AndroidManifest.xml:30:13-85
136            android:enabled="true"
136-->[com.google.android.gms:play-services-measurement:21.3.0] AndroidManifest.xml:31:13-35
137            android:exported="false" >
137-->[com.google.android.gms:play-services-measurement:21.3.0] AndroidManifest.xml:32:13-37
138        </receiver>
139
140        <service
140-->[com.google.android.gms:play-services-measurement:21.3.0] AndroidManifest.xml:35:9-38:40
141            android:name="com.google.android.gms.measurement.AppMeasurementService"
141-->[com.google.android.gms:play-services-measurement:21.3.0] AndroidManifest.xml:36:13-84
142            android:enabled="true"
142-->[com.google.android.gms:play-services-measurement:21.3.0] AndroidManifest.xml:37:13-35
143            android:exported="false" />
143-->[com.google.android.gms:play-services-measurement:21.3.0] AndroidManifest.xml:38:13-37
144        <service
144-->[com.google.android.gms:play-services-measurement:21.3.0] AndroidManifest.xml:39:9-43:72
145            android:name="com.google.android.gms.measurement.AppMeasurementJobService"
145-->[com.google.android.gms:play-services-measurement:21.3.0] AndroidManifest.xml:40:13-87
146            android:enabled="true"
146-->[com.google.android.gms:play-services-measurement:21.3.0] AndroidManifest.xml:41:13-35
147            android:exported="false"
147-->[com.google.android.gms:play-services-measurement:21.3.0] AndroidManifest.xml:42:13-37
148            android:permission="android.permission.BIND_JOB_SERVICE" />
148-->[com.google.android.gms:play-services-measurement:21.3.0] AndroidManifest.xml:43:13-69
149
150        <meta-data
150-->[com.google.android.gms:play-services-basement:18.1.0] AndroidManifest.xml:21:9-23:69
151            android:name="com.google.android.gms.version"
151-->[com.google.android.gms:play-services-basement:18.1.0] AndroidManifest.xml:22:13-58
152            android:value="@integer/google_play_services_version" />
152-->[com.google.android.gms:play-services-basement:18.1.0] AndroidManifest.xml:23:13-66
153
154        <provider
154-->[androidx.emoji2:emoji2:1.2.0] AndroidManifest.xml:24:9-32:20
155            android:name="androidx.startup.InitializationProvider"
155-->[androidx.emoji2:emoji2:1.2.0] AndroidManifest.xml:25:13-67
156            android:authorities="com.example.chatapplication.androidx-startup"
156-->[androidx.emoji2:emoji2:1.2.0] AndroidManifest.xml:26:13-68
157            android:exported="false" >
157-->[androidx.emoji2:emoji2:1.2.0] AndroidManifest.xml:27:13-37
158            <meta-data
158-->[androidx.emoji2:emoji2:1.2.0] AndroidManifest.xml:29:13-31:52
159                android:name="androidx.emoji2.text.EmojiCompatInitializer"
159-->[androidx.emoji2:emoji2:1.2.0] AndroidManifest.xml:30:17-75
160                android:value="androidx.startup" />
160-->[androidx.emoji2:emoji2:1.2.0] AndroidManifest.xml:31:17-49
161            <meta-data
161-->[androidx.lifecycle:lifecycle-process:2.4.1] AndroidManifest.xml:31:13-33:52
162                android:name="androidx.lifecycle.ProcessLifecycleInitializer"
162-->[androidx.lifecycle:lifecycle-process:2.4.1] AndroidManifest.xml:32:17-78
163                android:value="androidx.startup" />
163-->[androidx.lifecycle:lifecycle-process:2.4.1] AndroidManifest.xml:33:17-49
164        </provider>
165    </application>
166
167</manifest>